<?xml version="1.0" encoding="UTF-8"?>
<testsuite name="com.example.stockapplication.StockApplicationTests" tests="1" skipped="0" failures="0" errors="0" timestamp="2025-09-12T14:30:37.498Z" hostname="YOYO" time="0.644">
  <properties/>
  <testcase name="contextLoads()" classname="com.example.stockapplication.StockApplicationTests" time="0.644"/>
  <system-out><![CDATA[16:30:36.406 [Test worker] INFO org.springframework.test.context.support.AnnotationConfigContextLoaderUtils -- Could not detect default configuration classes for test class [com.example.stockapplication.StockApplicationTests]: StockApplicationTests does not declare any static, non-private, non-final, nested classes annotated with @Configuration.
16:30:36.549 [Test worker] INFO org.springframework.boot.test.context.SpringBootTestContextBootstrapper -- Found @SpringBootConfiguration com.example.stockapplication.StockApplication for test class com.example.stockapplication.StockApplicationTests

  .   ____          _            __ _ _
 /\\ / ___'_ __ _ _(_)_ __  __ _ \ \ \ \
( ( )\___ | '_ | '_| | '_ \/ _` | \ \ \ \
 \\/  ___)| |_)| | | | | || (_| |  ) ) ) )
  '  |____| .__|_| |_|_| |_\__, | / / / /
 =========|_|==============|___/=/_/_/_/

 :: Spring Boot ::                (v3.5.5)

2025-09-12T16:30:37.016+02:00  INFO 23628 --- [StockApplication] [    Test worker] c.e.s.StockApplicationTests              : Starting StockApplicationTests using Java 21.0.7 with PID 23628 (started by meyns in C:\Users\meyns\Desktop\yo\dev\cours\java\gestion-des-stocks)
2025-09-12T16:30:37.018+02:00  INFO 23628 --- [StockApplication] [    Test worker] c.e.s.StockApplicationTests              : No active profile set, falling back to 1 default profile: "default"
2025-09-12T16:30:37.493+02:00  INFO 23628 --- [StockApplication] [    Test worker] c.e.s.StockApplicationTests              : Started StockApplicationTests in 0.75 seconds (process running for 1.947)
]]></system-out>
  <system-err><![CDATA[Mockito is currently self-attaching to enable the inline-mock-maker. This will no longer work in future releases of the JDK. Please add Mockito as an agent to your build as described in Mockito's documentation: https://javadoc.io/doc/org.mockito/mockito-core/latest/org.mockito/org/mockito/Mockito.html#0.3
WARNING: A Java agent has been loaded dynamically (C:\Users\meyns\.gradle\caches\modules-2\files-2.1\net.bytebuddy\byte-buddy-agent\1.17.7\fbf3d6d649ed37fc9e9c59480a05be0a26e3c2da\byte-buddy-agent-1.17.7.jar)
WARNING: If a serviceability tool is in use, please run with -XX:+EnableDynamicAgentLoading to hide this warning
WARNING: If a serviceability tool is not in use, please run with -Djdk.instrument.traceUsage for more information
WARNING: Dynamic loading of agents will be disallowed by default in a future release
]]></system-err>
</testsuite>
